<?xml version="1.0" encoding="UTF-8"?>
<!-- Generated by org.testng.reporters.JUnitReportReporter -->
<testsuite hostname="krishna-ThinkPad-E450" name="Taxi2EmailTest.EmailTest" tests="1" failures="0" timestamp="18 Mar 2019 07:16:01 GMT" time="15.449" errors="0">
  <testcase name="Taxi2Airport" time="15.449" classname="Taxi2EmailTest.EmailTest"/>
</testsuite> <!-- Taxi2EmailTest.EmailTest -->
